<?xml version="1.0" encoding="UTF-8"?>
<!-- Generated by org.testng.reporters.JUnitReportReporter -->
<testsuite hostname="ADMIN" failures="0" tests="5" name="test_Classess.TestClass1" time="17.576" errors="0" timestamp="2022-07-05T12:12:11 IST" skipped="0">
  <testcase classname="test_Classess.TestClass1" name="test2" time="0.004"/>
  <system-out/>
  <testcase classname="test_Classess.TestClass1" name="VerifyUserNameCanLOgIn" time="17.554"/>
  <system-out>
    <![CDATA[Entered EmailID
Entered Password
Click on SubmiTButton]]>
  </system-out>
  <testcase classname="test_Classess.TestClass1" name="test5" time="0.003"/>
  <system-out/>
  <testcase classname="test_Classess.TestClass1" name="test4" time="0.009"/>
  <system-out/>
  <testcase classname="test_Classess.TestClass1" name="test3" time="0.006"/>
  <system-out/>
</testsuite> <!-- test_Classess.TestClass1 -->
